<?xml version="1.0" encoding="UTF-8"?>
<!-- Generated by org.testng.reporters.JUnitReportReporter -->
<testsuite name="demoPackeage.TestClassOne" tests="10" time="0.019" ignored="0" failures="0" timestamp="23 Nov 2019 19:28:44 GMT" skipped="0" hostname="MACPRO179.local" errors="0">
  <testcase name="test3" time="0.001" classname="demoPackeage.TestClassOne"/>
  <testcase name="test2" time="0.002" classname="demoPackeage.TestClassOne"/>
  <testcase name="test8" time="0.001" classname="demoPackeage.TestClassOne"/>
  <testcase name="test10" time="0.002" classname="demoPackeage.TestClassOne"/>
  <testcase name="test4" time="0.004" classname="demoPackeage.TestClassOne"/>
  <testcase name="test5" time="0.001" classname="demoPackeage.TestClassOne"/>
  <testcase name="test6" time="0.002" classname="demoPackeage.TestClassOne"/>
  <testcase name="test9" time="0.001" classname="demoPackeage.TestClassOne"/>
  <testcase name="test1" time="0.004" classname="demoPackeage.TestClassOne"/>
  <testcase name="test7" time="0.001" classname="demoPackeage.TestClassOne"/>
</testsuite> <!-- demoPackeage.TestClassOne -->
